<?xml version="1.0" encoding="UTF-8"?>
<!-- Generated by org.testng.reporters.JUnitReportReporter -->
<testsuite hostname="Bharathi" failures="0" tests="1" name="TestScripts.Login_Test" time="2.102" errors="0" timestamp="2024-06-07T08:55:42 IST" skipped="0">
  <testcase classname="TestScripts.Login_Test" name="Login" time="2.102"/>
  <system-out>
Entered the correct Email ID The screenshot is taken Entered the correct password The screenshot is taken The login button is clicked The screenshot is taken  </system-out>
</testsuite> <!-- TestScripts.Login_Test -->
